c:\git\test\dds\x64\debug\vc142.pdb
c:\git\test\dds\x64\debug\vc142.idb
c:\git\test\dds\x64\debug\manage.obj
c:\git\test\dds\x64\debug\display.obj
c:\git\test\dds\x64\debug\main.obj
c:\git\test\dds\x64\debug\dds.exe
c:\git\test\dds\x64\debug\dds.ilk
c:\git\test\dds\x64\debug\dds.pdb
c:\git\dds\src\x64\debug\display.obj
c:\git\dds\src\x64\debug\main.obj
c:\git\dds\src\x64\debug\manage.obj
c:\git\dds\src\x64\debug\main.obj.enc
c:\git\dds\src\x64\debug\dds.ilk
c:\git\dds\src\x64\debug\vc142.idb
c:\git\dds\src\x64\debug\dds.pdb
c:\git\dds\src\x64\debug\vc142.pdb
c:\git\dds\src\x64\debug\dds.exe
c:\git\dds\src\x64\debug\dds.tlog\cl.command.1.tlog
c:\git\dds\src\x64\debug\dds.tlog\cl.read.1.tlog
c:\git\dds\src\x64\debug\dds.tlog\cl.write.1.tlog
c:\git\dds\src\x64\debug\dds.tlog\link.command.1.tlog
c:\git\dds\src\x64\debug\dds.tlog\link.read.1.tlog
c:\git\dds\src\x64\debug\dds.tlog\link.write.1.tlog
